2024:01:08	11:52:48	5ef39f41-23b7-40e2-9bd0-ab812e833bbd	undefined: undefined	undefined	undefined
2024:01:08	12:07:45	9c1660f9-3315-4e95-ac47-6fadbe29ac7a	undefined: ECONNREFUSED	querySrv	_mongodb._tcp.cluster0.fv4dai7.mongodb.net
2024:01:08	12:09:54	e6a2ad68-c3db-4784-a789-0eb5f04fa826	undefined: ECONNREFUSED	querySrv	_mongodb._tcp.cluster0.fv4dai7.mongodb.net
2024:01:09	10:49:36	566610a3-cd23-405b-a4cd-ef30a8bd9da3	undefined: ECONNREFUSED	querySrv	_mongodb._tcp.cluster0.fv4dai7.mongodb.net
2024:01:09	16:59:35	b1bdcb9f-3936-4252-ace3-eb26043a6146	undefined: ECONNREFUSED	querySrv	_mongodb._tcp.cluster0.fv4dai7.mongodb.net
2024:01:09	17:07:45	c40e72be-9d30-496b-85f3-050d538f9d81	undefined: ECONNREFUSED	querySrv	_mongodb._tcp.cluster0.fv4dai7.mongodb.net
2024:01:09	17:08:02	b522c262-13cf-4361-b252-7b82d0d8fb63	undefined: ECONNREFUSED	querySrv	_mongodb._tcp.cluster0.fv4dai7.mongodb.net
2024:01:09	17:26:21	ba565f44-da35-477d-8cb9-8edeff58063c	undefined: ECONNREFUSED	querySrv	_mongodb._tcp.cluster0.fv4dai7.mongodb.net
2024:01:09	17:30:03	3c7eb60b-c30c-400e-9088-9ea07e689733	undefined: ECONNREFUSED	querySrv	_mongodb._tcp.cluster0.fv4dai7.mongodb.net
2024:01:09	17:31:05	400ce208-5e01-4709-b0ce-184bc6477259	undefined: ECONNREFUSED	querySrv	_mongodb._tcp.cluster0.fv4dai7.mongodb.net
2024:01:09	17:31:38	ecf44ffb-cd6c-4e9d-af05-760ed4922524	undefined: ECONNREFUSED	querySrv	_mongodb._tcp.cluster0.fv4dai7.mongodb.net
2024:01:09	17:38:53	4e8811ae-ce16-44ce-a826-2b9a9f4b20a6	undefined: ECONNREFUSED	querySrv	_mongodb._tcp.cluster0.fv4dai7.mongodb.net
2024:01:10	11:49:59	9d572bc0-b0b9-468b-84f8-e1714b48a97f	undefined: ECONNREFUSED	querySrv	_mongodb._tcp.cluster0.fv4dai7.mongodb.net
2024:01:10	11:59:15	33c018ba-c524-484b-b222-cd38fcd819b2	undefined: ECONNREFUSED	querySrv	_mongodb._tcp.cluster0.fv4dai7.mongodb.net
2024:01:10	12:00:03	95fd122f-3b61-4a4f-a922-8d5b82c3cdd0	undefined: ETIMEOUT	queryTxt	cluster0.fv4dai7.mongodb.net
2024:01:10	14:42:10	f95e7f6c-99b0-4c39-9ec5-c8e9be2bedb3	undefined: ECONNREFUSED	querySrv	_mongodb._tcp.cluster0.fv4dai7.mongodb.net
2024:01:10	14:42:15	ad350c83-4673-4953-bbfc-e892981215c8	undefined: ECONNREFUSED	querySrv	_mongodb._tcp.cluster0.fv4dai7.mongodb.net
2024:01:10	14:47:03	503120d8-8052-47a3-b44a-ab14e697bdf1	undefined: ECONNREFUSED	querySrv	_mongodb._tcp.cluster0.fv4dai7.mongodb.net
2024:01:10	14:47:14	46831f19-2ca0-4a51-ae25-02f86f76e33e	undefined: ECONNREFUSED	querySrv	_mongodb._tcp.cluster0.fv4dai7.mongodb.net
2024:01:10	16:41:29	7fdbc377-56ea-4444-b95e-44471a5f34df	undefined: ECONNREFUSED	querySrv	_mongodb._tcp.cluster0.fv4dai7.mongodb.net
2024:01:10	17:07:39	063271b1-e129-4e4b-a3fb-01a74ec0027e	undefined: ECONNREFUSED	querySrv	_mongodb._tcp.cluster0.fv4dai7.mongodb.net
2024:01:10	17:07:45	0bd5c087-4cfe-40a4-9d8e-f1887f389d2e	undefined: ECONNREFUSED	querySrv	_mongodb._tcp.cluster0.fv4dai7.mongodb.net
2024:01:10	17:08:40	8da0af58-04d4-4c58-b508-b1644287d3cc	undefined: ECONNREFUSED	querySrv	_mongodb._tcp.cluster0.fv4dai7.mongodb.net
2024:01:10	17:13:32	6732a479-bfba-4d59-94a0-9f1771b06e04	undefined: ECONNREFUSED	querySrv	_mongodb._tcp.cluster0.fv4dai7.mongodb.net
2024:01:10	17:20:07	7d8d902f-969d-4baa-ba05-de1c33afca0e	undefined: ECONNREFUSED	querySrv	_mongodb._tcp.cluster0.fv4dai7.mongodb.net
2024:01:10	18:10:27	2cb955b2-4f7b-4a6d-a22f-6b6f85312658	undefined: undefined	undefined	undefined
2024:01:10	18:10:55	e2a120de-c539-4c11-b2f0-e8df01c52ce1	undefined: undefined	undefined	undefined
2024:01:10	18:13:33	639f6738-aec6-4dc6-9af0-557d64b2e346	undefined: undefined	undefined	undefined
2024:01:10	18:14:10	92c0df71-b5d4-4ce9-b38c-f2e37e4323c0	undefined: undefined	undefined	undefined
2024:01:10	18:14:42	454b70e8-9d94-48ab-acf0-5753270bf2c2	undefined: undefined	undefined	undefined
2024:01:10	19:57:09	d7377605-2937-408a-a0a5-5d11675e60b8	undefined: ECONNREFUSED	querySrv	_mongodb._tcp.cluster0.fv4dai7.mongodb.net
2024:01:11	12:46:00	711e60af-898d-4e26-bb72-eec7de7a147f	undefined: ECONNREFUSED	querySrv	_mongodb._tcp.cluster0.fv4dai7.mongodb.net
2024:01:11	13:27:26	cfa75b3c-9260-4cee-9874-3734cc5bcac9	undefined: ECONNREFUSED	querySrv	_mongodb._tcp.cluster0.fv4dai7.mongodb.net
2024:01:11	13:27:29	52bbd47f-1829-4966-ad9f-e385a2198679	undefined: ECONNREFUSED	querySrv	_mongodb._tcp.cluster0.fv4dai7.mongodb.net
2024:01:12	14:45:55	b397ecf8-8b23-48a8-b26e-26a96b2f68a2	undefined: ECONNREFUSED	querySrv	_mongodb._tcp.cluster0.fv4dai7.mongodb.net
2024:01:12	15:19:01	ba27d7ab-2a1a-4275-a898-4c5088a8b7fd	undefined: ECONNREFUSED	querySrv	_mongodb._tcp.cluster0.fv4dai7.mongodb.net
2024:01:12	15:30:55	37994611-d88e-469c-a95d-85a6922c0cc0	undefined: ECONNREFUSED	querySrv	_mongodb._tcp.cluster0.fv4dai7.mongodb.net
2024:01:12	16:24:59	2662d30e-e66c-48d7-b344-9abba40ca503	undefined: ECONNREFUSED	querySrv	_mongodb._tcp.cluster0.fv4dai7.mongodb.net
2024:01:12	16:25:02	fc941b2e-5364-4e65-b400-83c3c93e59dd	undefined: ECONNREFUSED	querySrv	_mongodb._tcp.cluster0.fv4dai7.mongodb.net
2024:01:12	16:31:02	3d2747bc-ac99-4e3b-bf57-6786c750717c	undefined: ECONNREFUSED	querySrv	_mongodb._tcp.cluster0.fv4dai7.mongodb.net
2024:01:12	19:00:44	fd957298-790d-4f8b-b434-907788522f43	undefined: ECONNREFUSED	querySrv	_mongodb._tcp.cluster0.fv4dai7.mongodb.net
2024:01:12	19:01:18	1025ce6b-3a18-49e5-8f9f-499abf7b8be7	undefined: ECONNREFUSED	querySrv	_mongodb._tcp.cluster0.fv4dai7.mongodb.net
